[debug] [2024-04-09T15:31:12.605Z] ----------------------------------------------------------------------
[debug] [2024-04-09T15:31:12.607Z] Command:       C:\Program Files\nodejs\node.exe C:\Users\Formation\AppData\Roaming\npm\node_modules\firebase-tools\lib\bin\firebase.js init
[debug] [2024-04-09T15:31:12.611Z] CLI Version:   13.7.1
[debug] [2024-04-09T15:31:12.611Z] Platform:      win32
[debug] [2024-04-09T15:31:12.611Z] Node Version:  v20.12.1
[debug] [2024-04-09T15:31:12.611Z] Time:          Tue Apr 09 2024 17:31:12 GMT+0200 (heure d’été d’Europe centrale)
[debug] [2024-04-09T15:31:12.611Z] ----------------------------------------------------------------------
[debug] 
[debug] [2024-04-09T15:31:12.617Z] > command requires scopes: ["email","openid","https://www.googleapis.com/auth/cloudplatformprojects.readonly","https://www.googleapis.com/auth/firebase","https://www.googleapis.com/auth/cloud-platform"]
[debug] [2024-04-09T15:31:12.618Z] > authorizing via signed-in user (allan.bouhadjar@gmail.com)
[info] 
     ######## #### ########  ######## ########     ###     ######  ########
     ##        ##  ##     ## ##       ##     ##  ##   ##  ##       ##
     ######    ##  ########  ######   ########  #########  ######  ######
     ##        ##  ##    ##  ##       ##     ## ##     ##       ## ##
     ##       #### ##     ## ######## ########  ##     ##  ######  ########

You're about to initialize a Firebase project in this directory:

  C:\Users\Formation\Downloads\portfolio-allan-bouhadjar

[info] 
=== Project Setup
[info] 
[info] First, let's associate this project directory with a Firebase project.
[info] You can create multiple project aliases by running firebase use --add, 
[info] but for now we'll just set up a default project.
[info] 
[debug] [2024-04-09T15:31:23.462Z] >>> [apiv2][query] GET https://firebase.googleapis.com/v1beta1/availableProjects pageSize=100
[debug] [2024-04-09T15:31:23.832Z] <<< [apiv2][status] GET https://firebase.googleapis.com/v1beta1/availableProjects 200
[debug] [2024-04-09T15:31:23.832Z] <<< [apiv2][body] GET https://firebase.googleapis.com/v1beta1/availableProjects [omitted]
[debug] [2024-04-09T15:31:30.352Z] >>> [apiv2][query] POST https://firebase.googleapis.com/v1beta1/projects/portfolio-allan-bouhadjar:addFirebase [none]
[debug] [2024-04-09T15:31:30.673Z] <<< [apiv2][status] POST https://firebase.googleapis.com/v1beta1/projects/portfolio-allan-bouhadjar:addFirebase 403
[debug] [2024-04-09T15:31:30.673Z] <<< [apiv2][body] POST https://firebase.googleapis.com/v1beta1/projects/portfolio-allan-bouhadjar:addFirebase {"error":{"code":403,"message":"The caller does not have permission","status":"PERMISSION_DENIED"}}
[debug] [2024-04-09T15:31:30.673Z] HTTP Error: 403, The caller does not have permission
[debug] [2024-04-09T15:31:30.675Z] FirebaseError: HTTP Error: 403, The caller does not have permission
    at responseToError (C:\Users\Formation\AppData\Roaming\npm\node_modules\firebase-tools\lib\responseToError.js:49:12)
    at RetryOperation._fn (C:\Users\Formation\AppData\Roaming\npm\node_modules\firebase-tools\lib\apiv2.js:299:77)
    at process.processTicksAndRejections (node:internal/process/task_queues:95:5)
[error] 
[error] Error: Failed to add Firebase to Google Cloud Platform project. See firebase-debug.log for more info.
